idVers: 6163447225250201180
montant: 3400
idTrans: 837
hash code: 7C41503CF78C2A292EB5CFD906CE99
code marchand fourni: UF216Z28675032288026408
code marchand reçu: UF216Z28675032288026408
idVers: 6163447522821706990
montant: 1700
idTrans: 838
hash code: 7C41503CF78C2A292EB5CFD906CE99
code marchand fourni: UF216Z28675032288026408
code marchand reçu: UF216Z28675032288026408
hash : 6a17f5467e177398e0758e284e842553
OK : Origine de la requête valide.
OK : Code marchand valide.
OK : Code Commande valide.
OK start : versement effectué. REF: 6163447522821706990
idVers: 6163464032432206340
montant: 1700
idTrans: 839
hash code: 7C41503CF78C2A292EB5CFD906CE99
code marchand fourni: UF216Z28675032288026408
code marchand reçu: UF216Z28675032288026408
hash : 1f65da9e871764bcd317eed28ae6dc91
OK : Origine de la requête valide.
OK : Code marchand valide.
OK : Code Commande valide.
OK start : versement effectué. REF: 6163464032432206340
idVers: 6163465739562005270
montant: 6000
idTrans: 840
hash code: 7C41503CF78C2A292EB5CFD906CE99
code marchand fourni: UF216Z28675032288026408
code marchand reçu: UF216Z28675032288026408
hash : 67177539ecbc52d14e139c5acd9f49cb
OK : Origine de la requête valide.
OK : Code marchand valide.
OK : Code Commande valide.
OK start : versement effectué. REF: 6163465739562005270
idVers: 6163938654627504580
montant: 3000
idTrans: 904
hash code: 7C41503CF78C2A292EB5CFD906CE99
code marchand fourni: UF216Z28675032288026408
code marchand reçu: UF216Z28675032288026408
hash : 3abb461c45459d688227c76352cb3efa
OK : Origine de la requête valide.
OK : Code marchand valide.
OK : Code Commande valide.
OK start : versement effectué. REF: 6163938654627504580